1    2.2891423683902614    1.6647816709808232
2    2.21012881288311    1.6153195543034697
3    1.8232720588648972    1.5100381256195996
4    1.6383299595722494    1.174761661213061
5    1.1419856574100036    1.174761661213061
6    1.2253331608175617    1.1620351029313614
7    1.2092211194203486    1.1620351029313614
8    1.1226554512281708    1.1234428117989328
9    0.879270165048057    1.1234428117989328
10    0.8653545750890044    0.9531618674733832
11    0.8016878346296265    0.9503151468844773
12    0.7377247280978704    0.8368671953509474
13    0.6800975974829456    0.8319597142031548
14    0.6321169591296201    0.6803895279259675
15    0.5988062039807802    0.6757023911193669
16    0.5627427156535454    0.6740921474885695
17    0.5553572536768933    0.6507350512047001
18    0.5380672701585472    0.6349939919047649
19    0.4951923147738416    0.6103269152489069
20    0.47195617913287824    0.5831452826295523
21    0.41386387433528465    0.5640644290431522
22    0.3586084508344371    0.5298920186990299
23    0.34338499633165614    0.5256185715711296
24    0.32420042231526625    0.4882217739114617
25    0.3181965679706352    0.4707817084493418
26    0.2769016739818776    0.4574496479959838
27    0.26756715324993413    0.4183421769740334
28    0.25763962023440645    0.37453844656431884
29    0.24870620501863866    0.36173725463029477
30    0.23094391809863368    0.35398558872551544
31    0.21587153738952108    0.3409173855061528
32    0.20605053338684065    0.3083036144704345
33    0.19746152764716657    0.3000191152396301
34    0.19400286287176133    0.27527739576710336
35    0.18627357345143092    0.2711626235833672
36    0.17545505946729575    0.26778351510995296
37    0.16764897364379025    0.26145693656756097
38    0.15581025513410007    0.2536956845367953
39    0.15193179185948524    0.2524810410989404
40    0.14490972946874514    0.22935395015324567
41    0.13904692519858783    0.21613551131056663
42    0.13040185779656446    0.2137862053238433
43    0.12345901482087247    0.20686664673661215
44    0.11247926153249466    0.20381663240776557
45    0.1069403769992567    0.20329235631507755
46    0.1018482791310671    0.19889884195952784
47    0.09799936021320711    0.195888974671901
48    0.0924854564195558    0.19046132639779234
49    0.08846556527537489    0.1877509820642695
50    0.08287537738979824    0.181308880854687
51    0.07496850196896794    0.1769194476028097
52    0.07026467429691026    0.17221306512009352
53    0.06440191711081239    0.1665086241859838
54    0.05931606574166417    0.16642784175052555
55    0.04889313083498491    0.16072701477005855
56    0.045424706675774904    0.15617967149719986
57    0.037224305991023034    0.15301720371021726
58    0.03298383307400837    0.15054611834078332
59    0.030354074715246742    0.1497292965896288
60    0.029484642869682155    0.14035431807565568
61    0.02389978643667825    0.13806094812855949
62    0.022206940701300373    0.12470592450472168
63    0.02056370180207777    0.12287074051411566
64    0.019832247409341766    0.11923999104354242
65    0.019170232283015395    0.11522180899187816
66    0.019480060846405002    0.1141502055013422
67    0.017012926529735375    0.10852677428868528
68    0.016793171188569777    0.1054168560871197
69    0.015976498226215743    0.10398318568500331
70    0.015709261030335042    0.09317572910308246
71    0.015393299606015218    0.09232726519807156
72    0.015040126108230032    0.09030292715128277
73    0.014889779235404474    0.08614675359322733
74    0.014457533056338172    0.0826708373549077
75    0.014084164137309996    0.08157476886810786
76    0.0137818461691584    0.07868201425919451
77    0.013467851107328037    0.07468799906777807
78    0.01333537788700773    0.07175286286566249
79    0.0130207581510623    0.06772012614532628
80    0.013014194937877302    0.06658747015842338
81    0.012206454076781913    0.061794942974443115
82    0.012171739404671351    0.060571380470224645
83    0.01232760861209569    0.057754010596081956
84    0.012131029731861113    0.05564246093237556
85    0.012039422440618478    0.05268261461698556
86    0.011971623208315362    0.048020681708826375
87    0.011724228312997709    0.041019830132780113
88    0.011706862510351457    0.03897981282031704
89    0.011546321504032085    0.036523440176591926
90    0.01162974879713215    0.03457395887006884
91    0.011440615431992485    0.03243460353823956
92    0.011557580182752956    0.03224889245127466
93    0.011537078281256628    0.03065648823981005
94    0.011386976662242511    0.028018943457503224
95    0.011047105309622716    0.027668315798508376
96    0.011102463653471641    0.0263875228130031
97    0.011184801901490035    0.02505315637415837
98    0.011316205891296066    0.024841976160098894
99    0.011301172127052344    0.02407910004406954
100    0.011382175067116323    0.023706881285910305
