1    2.035639402020594    2.0785071757598472
2    1.9786740406714043    2.0785071757598472
3    1.7004461779185236    1.8582598943883974
4    1.495213460153673    1.8582598943883974
5    1.320671441485982    1.717327870833225
6    1.1916361161447317    1.005295540605894
7    1.1019544915718267    1.0009832035802444
8    0.9985961293359307    0.9991928266711084
9    0.9207444520559183    0.981493191955936
10    0.8034290053191946    0.9697756257351888
11    0.7269586863874871    0.9684899846662511
12    0.6995813079032602    0.9401501545872311
13    0.6762748675988588    0.8116807057121399
14    0.663611251479122    0.8091025094998997
15    0.6290298851733466    0.7107398678273833
16    0.5876081404808045    0.6870411395473718
17    0.573066313003082    0.6165950551935689
18    0.5343845523373109    0.5868156519905737
19    0.48748694168527357    0.5671110125834118
20    0.4727627665230109    0.551802044475799
21    0.44254420375726133    0.4725055543643954
22    0.4220787025531417    0.4266918024216925
23    0.4047950746457575    0.4118782476479554
24    0.3934262279684835    0.3956693118436215
25    0.3540153151661093    0.3557828274780375
26    0.3450376416440363    0.34959251424360027
27    0.3108504691504639    0.34189958160969514
28    0.2940255565585565    0.3222323593924989
29    0.27549859464613896    0.30818770967157205
30    0.25937988828665526    0.29379436219742117
31    0.24807558768910648    0.27780459123318363
32    0.1978365573517357    0.2740428223480669
33    0.17685680222679445    0.2623264793861516
34    0.16729586071832694    0.2522343199576977
35    0.1591437552134762    0.231950878779073
36    0.15221531394672255    0.22046933263347188
37    0.14866108298774483    0.21865695604048585
38    0.13697047754934624    0.21126371362396104
39    0.12662756710117945    0.19712979395243418
40    0.11577102147585272    0.19535916108762183
41    0.10438701857066193    0.18828558328241926
42    0.09416868754081213    0.181630256494413
43    0.08721351285958967    0.1661597967775858
44    0.0815536741709997    0.1601064320502524
45    0.07873722832498248    0.15604161443517442
46    0.0747210862100475    0.15467690713570562
47    0.0711973811657632    0.15225092692112044
48    0.0677901590307559    0.1506817771316448
49    0.0632964323595219    0.14210807617244753
50    0.06048101491209979    0.13418580299796132
51    0.05656983118400201    0.12618853535011956
52    0.05080753740745504    0.12311432067836663
53    0.04717390285263944    0.1195322164173883
54    0.04521877117906044    0.1179866194616918
55    0.040715457194380654    0.11083682257467103
56    0.03789767211141618    0.10213494305136235
57    0.03629051146960838    0.09916865846466875
58    0.03328363020064597    0.09830756575803055
59    0.028883406157543538    0.09527978791404074
60    0.027034425607713266    0.09289849064886169
61    0.023305074237679402    0.0877329915055264
62    0.02170258479815416    0.08421054827695902
63    0.019040446684497735    0.07845521219737421
64    0.018612591064448642    0.07793738502179523
65    0.0181327423644023    0.07600313251770055
66    0.0190928593674015    0.07271833356346111
67    0.017948083641491898    0.06898014769870903
68    0.016883808091261564    0.06638027217636579
69    0.013875264116805498    0.06094747092836529
70    0.013233010003508607    0.06082561187714965
71    0.012945120973856935    0.05738494447654507
72    0.01258490536809331    0.056959250463645
73    0.01258447015694179    0.05483678539245858
74    0.012889798584698487    0.05307389539419937
75    0.013167777050734776    0.05185722247367687
76    0.012760037783265897    0.05088845334748919
77    0.012434961434548931    0.04945575205754868
78    0.012217852811885718    0.04515019322581639
79    0.01204345790777868    0.0444331932535152
80    0.0121765992733335    0.04113093695856467
81    0.01177869427324501    0.03950251274990786
82    0.011686182171807212    0.03922924967194291
83    0.011478643974372718    0.03738220675220314
84    0.011525119568734716    0.03518883632866982
85    0.011493869987898355    0.03455663743398015
86    0.011023959479262099    0.032059573398793825
87    0.011362331945826467    0.02992969868979034
88    0.011132657637598072    0.028826941167400307
89    0.011184948537664727    0.027824762606749542
90    0.011492630665267787    0.026467591278493876
91    0.011130747478291708    0.025589742534125992
92    0.01107907677717473    0.02443699083362423
93    0.010857209340214663    0.024253256383389873
94    0.010987656428139992    0.023443717916083934
95    0.010902733866947564    0.02225910926133362
96    0.010988238782158113    0.02150414308120988
97    0.010885166300127298    0.02144256281559905
98    0.010794453382128926    0.021224834724036686
99    0.011197072904858793    0.018533957360699217
100    0.011154566391547072    0.0172050956642614
