1    1.9387243156301854    1.7834043759796407
2    1.9387243156301854    1.5410586385844451
3    1.3639622344053604    1.531501213590334
4    1.297933459118294    1.308317599203236
5    1.1999769607313646    1.308317599203236
6    1.1667622651414908    1.1405670757960151
7    1.1450004611692022    0.93758775219096
8    1.0983572494180238    0.9366601143423424
9    0.9610007049525404    0.9360215640450738
10    0.9381346802751832    0.8925921958673492
11    0.8570927855999881    0.8906678325040974
12    0.80856358172728    0.8496802244910406
13    0.7753360870333986    0.8409993014639
14    0.7444363712814299    0.7999202360606118
15    0.6634198918862962    0.6791759487475983
16    0.6346483857375295    0.6307173381899904
17    0.6003322278730044    0.624759790908211
18    0.5546241419749012    0.596773995528234
19    0.47361703155186874    0.5417421794986008
20    0.451279196815948    0.5084989888502913
21    0.4021685201909028    0.4833880791537664
22    0.391134867201576    0.4447486822639003
23    0.38893835813078004    0.4244277414369541
24    0.38398019170992354    0.39899104874895475
25    0.3809695736690695    0.3846886642813963
26    0.3687264685700092    0.33324012451746127
27    0.3474620957794271    0.29931266853975613
28    0.3386589712732786    0.2941187937403956
29    0.3189171800446927    0.2724038324810586
30    0.3039407948724079    0.2581246160035288
31    0.2931518041058649    0.2425163390479076
32    0.27788840871357545    0.2352379119248831
33    0.26924977479089685    0.2143643927211197
34    0.2634377509223841    0.21054479154146674
35    0.25527556352564884    0.19993282168214227
36    0.24541152755804868    0.19941935847012895
37    0.23671297020566118    0.19137535198427244
38    0.22539774522420616    0.18806562866302856
39    0.21801619217961177    0.18114147190776372
40    0.21066950424434824    0.17405736937492253
41    0.20077927962785183    0.1697138401804337
42    0.1906204160761266    0.16584978941427478
43    0.1858925731467957    0.15801340672797917
44    0.16979401283952766    0.15684014310768638
45    0.16571110228727964    0.14877237411762978
46    0.15411073241947998    0.14376086920692063
47    0.14888216748411587    0.14303143197182988
48    0.13253810513396963    0.13906656418621927
49    0.12584111299866294    0.1312108645037921
50    0.11939230556572952    0.125147926074485
51    0.11518609471716139    0.11715156680739694
52    0.11339437768152114    0.11285108301826181
53    0.09841012990614804    0.10731599551059129
54    0.08473520365990016    0.10427307622182747
55    0.07570871081533348    0.09989315024024593
56    0.07214071764654628    0.09549882914010734
57    0.06557237592995535    0.09264175150452243
58    0.06337660832310733    0.09065356187907968
59    0.053108194159463495    0.08296018720805623
60    0.04731441037277712    0.08171960331283522
61    0.04707413443508876    0.08015364817110954
62    0.0417931809508767    0.0779680060671169
63    0.03814221323255129    0.0749728889104087
64    0.03556542285458082    0.07210276232380797
65    0.03331613892192812    0.07132551123099318
66    0.03095078425637566    0.06987546638957393
67    0.029397739412897222    0.06908766885267276
68    0.027181885401686732    0.06657804074096228
69    0.025587856196834288    0.06209396276636801
70    0.024908792537597223    0.05834829636867211
71    0.023442147357471445    0.05640428686802239
72    0.022611861328198892    0.05406398979947044
73    0.02143161821232327    0.04950056967065505
74    0.02133602814146956    0.048816943486900126
75    0.02044818840422415    0.0488544455823087
76    0.02002138562482755    0.04768155717726652
77    0.018537047155805092    0.04689152525540471
78    0.018095621124359074    0.045824672651282955
79    0.01774584486547429    0.03930089810892384
80    0.017634999936994723    0.03856323203250438
81    0.016801561267287993    0.03646822135383155
82    0.015806018251918692    0.03353322374294443
83    0.015650371624897942    0.0331504375988764
84    0.015291264975213912    0.03303655225535573
85    0.015023544685425955    0.030912998344131914
86    0.014726179004623108    0.029094288713971097
87    0.013835474686053733    0.028739562927615193
88    0.013501869806882059    0.028248179679105163
89    0.01321796490452512    0.02784692876170367
90    0.013276163904679282    0.027065562475625804
91    0.013000376644753103    0.02527209409306034
92    0.012924628077834408    0.02521022071259216
93    0.012827522235800196    0.02466459456701875
94    0.012734221963898363    0.023953979232073326
95    0.012674436353594823    0.02373972571796479
96    0.012587563468005396    0.022700119543773968
97    0.012432644333160459    0.022059767873749893
98    0.012966180326243984    0.02175379769877414
99    0.01283314928660934    0.020989809589888848
100    0.012449267205182987    0.020703157792129306
