1    2.154754595908235    1.7723315864342404
2    2.1954167811142558    1.7723315864342404
3    1.4224825647873616    1.6919053411962213
4    1.406759060970465    1.6919053411962213
5    1.393066925042131    1.1010391940338466
6    1.1471463053297397    1.0338257290261283
7    1.1159693669931612    1.0233298620193936
8    1.1575742563004225    0.9802371539690048
9    1.1304301713513207    0.9762719723726393
10    1.0530234853652587    0.8809674704388506
11    1.0214275227275849    0.8706399234291391
12    0.942793998018149    0.8083505061702353
13    0.824694789688909    0.7879911995268095
14    0.7353426742085147    0.7237676289742321
15    0.6856112729167456    0.6615020435485834
16    0.6433306536498956    0.6120650805279136
17    0.5809639636790062    0.6104751904610132
18    0.5680232944802556    0.5612686915754603
19    0.5236754159976853    0.5347304250423194
20    0.4958629740602477    0.4967028801183772
21    0.48094431380427444    0.47924416228312455
22    0.4329279376667984    0.4603677538290212
23    0.32155772487915446    0.4328019488547759
24    0.30236667698430897    0.4182482046084522
25    0.2834531496840814    0.40579186495597547
26    0.2585468287478473    0.38336196506845854
27    0.24818996988266373    0.36496879385727626
28    0.22922429014174767    0.3425831561371942
29    0.21192202734210525    0.34239555541370376
30    0.20186255803710526    0.3167443243210178
31    0.19273458313732605    0.27585577239869274
32    0.1814974616547377    0.27471084443536936
33    0.17198965901120486    0.25000630660651096
34    0.16680354860521177    0.24573101834622715
35    0.15776897130873507    0.23058253120394387
36    0.14080056159520546    0.22231381286889737
37    0.1363801573722117    0.2142381580596032
38    0.12623620466355723    0.20888460583809149
39    0.11414794717337    0.202815368356056
40    0.10184939592573954    0.194549095931931
41    0.09573241759777869    0.1834719846512553
42    0.09243150187247509    0.1745061298109985
43    0.08837798304120839    0.17265037702294886
44    0.08245520868719569    0.16362483743570974
45    0.07795911585906261    0.1617703714008333
46    0.0716144332721379    0.15300787140969083
47    0.06741699633549574    0.1485069193479864
48    0.06252431824232975    0.14479939424192453
49    0.057472720467899766    0.14085310367261117
50    0.05367079996757234    0.13752031051352034
51    0.05013784055352129    0.133503248146216
52    0.047558794243430756    0.13082274158925117
53    0.04685217687382525    0.12868377592623811
54    0.041148885269310605    0.1267531956976779
55    0.0391276616322751    0.1226241391229474
56    0.03753661002220185    0.11254801906117841
57    0.036155583204019855    0.10717887637494075
58    0.035367429343603755    0.10255812973909018
59    0.03238674583261504    0.09455036159351224
60    0.03017194575653279    0.08961787594584068
61    0.0287220497075247    0.07977396269225863
62    0.024803174165373365    0.07871852672662019
63    0.0226294282328563    0.0732424962585724
64    0.021550989536683923    0.07067922845546647
65    0.01960567332996768    0.06802716560542948
66    0.0180110535510359    0.06521275031458382
67    0.016071896933947557    0.06062612941195582
68    0.01592094515287024    0.058696984049573256
69    0.015801844898193234    0.057807334788906324
70    0.014114778476021408    0.05096557582891518
71    0.013250274090751543    0.045124118461249724
72    0.012843309081601162    0.04288402733675581
73    0.01270541541144423    0.0396252964054106
74    0.01263926971178705    0.03821056859746221
75    0.012629626351120738    0.03712247501070274
76    0.012751921287536489    0.03567750096508769
77    0.012493090356073912    0.03297346891273846
78    0.012400549468923864    0.031114688287150992
79    0.012006279158914206    0.03036768075576993
80    0.01195654020976827    0.029808170967535973
81    0.011802610129318618    0.028220761067024036
82    0.011848059693565534    0.02687240965302011
83    0.012080769746622037    0.02635786002673331
84    0.012228180504408983    0.025887931319957203
85    0.012197362842676722    0.025145078526928093
86    0.011923098289952777    0.024696423342889972
87    0.01180496875275409    0.02304310460614634
88    0.0117214626771284    0.02263274039123524
89    0.011455492572168817    0.021898541475132163
90    0.011911303634398289    0.021625416058786026
91    0.01146126541077152    0.020739209397547958
92    0.011469775638756792    0.019545303722492254
93    0.011375604790488872    0.019041157022161703
94    0.011238384476749158    0.018818523727325738
95    0.01125699725754704    0.017641467112920993
96    0.01105401929014614    0.017077981035203058
97    0.01121349534917053    0.016880482225013912
98    0.011063133169872213    0.016604818807968946
99    0.010984320621627632    0.016377960346047497
100    0.010926802674010373    0.016192333486194182
