1    1.6278369008790337    1.986532835917914
2    1.735564422766876    1.9716172001446832
3    1.6498183701877556    1.6638902380412373
4    1.4648094931407447    1.5551743655224468
5    1.2840506252394328    1.5551743655224468
6    1.223910657091503    1.4484371049128149
7    0.7517659082597125    1.4048087861759466
8    0.7210963299491426    1.1765547558574871
9    0.6622355430528778    1.1429150492781237
10    0.6107878171029342    1.0582330793144012
11    0.5820646345958449    1.0090386781147151
12    0.5158401555188357    0.960579339410288
13    0.49576562572526595    0.8050252487112274
14    0.4653722120639925    0.7953508709046436
15    0.45798723822647136    0.7883628960724155
16    0.4560510803908351    0.727651486634659
17    0.43642532261846867    0.682448076134055
18    0.42722872303522513    0.5833847355328693
19    0.42410687676786185    0.5396041451634065
20    0.40930937075503276    0.5376029515501735
21    0.3764294873369805    0.5306860895738564
22    0.3573453483595442    0.5297424035074662
23    0.3457286771041053    0.5026703364900318
24    0.3124216405010751    0.4775014568251918
25    0.2666024161706403    0.46471783792798976
26    0.24751044820960427    0.4610197408308062
27    0.23566044330304484    0.451491390535107
28    0.2240430275166247    0.4293040641853305
29    0.2181102893956844    0.40797845552125367
30    0.21222300788627388    0.38735641318779596
31    0.2043382028050267    0.3749767479038768
32    0.18488613886768462    0.34730983058140963
33    0.1819570935153988    0.3338109257456509
34    0.17604340443849    0.3197023692683542
35    0.16340835020729666    0.30634047872447023
36    0.15611984760497646    0.2900717099848975
37    0.1503982062596573    0.26601830600808596
38    0.12858998003924846    0.2520142427716029
39    0.12047229055744237    0.22526810963867977
40    0.11258113627231885    0.2224324131598256
41    0.10987685392331298    0.20890406481469959
42    0.10487213824174223    0.20384119462211478
43    0.1000714836752682    0.19542834654794392
44    0.09298156517520105    0.1926368803454635
45    0.08694070294293418    0.1865617081778244
46    0.08688463182139679    0.18067311439948516
47    0.07354931617587858    0.17316861585191454
48    0.06740738179504763    0.15705327788409626
49    0.06654970714343011    0.14722574253957918
50    0.0636761834003922    0.14144590368876334
51    0.06308517166116459    0.134273566234299
52    0.05770771289092888    0.13036585992479638
53    0.056942541654015036    0.12050421275270722
54    0.05645665820465628    0.1179278103973717
55    0.05460795115479803    0.11700559060517648
56    0.05463252532071149    0.1116971334104542
57    0.05272620223481672    0.11066526534344909
58    0.050106391258601904    0.1009965641002893
59    0.04996369101096615    0.09821400065970119
60    0.04925697857601313    0.09081258405497429
61    0.047542055915460416    0.087604817208488
62    0.04746366605250407    0.08353721727837654
63    0.046825367326155075    0.08094658413613001
64    0.04537840337241095    0.07693298964549086
65    0.0449984015097559    0.06866117613933673
66    0.04488319723808062    0.06352303442484662
67    0.04452240747108268    0.062222719550071026
68    0.04389925151116323    0.06139121244158645
69    0.043265238217256495    0.057739298644582854
70    0.04245463808088186    0.05682842695987292
71    0.042241510143433955    0.05485739069182944
72    0.04197199756917922    0.05423076843787669
73    0.0414276014708202    0.05294200604162365
74    0.04091946023967515    0.0481018479343751
75    0.04070001925257636    0.04771955899004606
76    0.04075710146918384    0.04527089310549188
77    0.040336595235322854    0.044868973685061916
78    0.03998570624561363    0.04454957104848304
79    0.04030431095015564    0.043552509089970964
80    0.040170914618805544    0.041433153243131016
81    0.04030090622446793    0.03970749648628333
82    0.04018609648797341    0.03861720807476465
83    0.0400515966595132    0.03628778203806618
84    0.03991778697063914    0.03448298277558065
85    0.03979946474773502    0.032128476016642316
86    0.03967050238474464    0.03146679450378293
87    0.03988472208923204    0.031217319949929937
88    0.03984878501897019    0.02926536146887897
89    0.03973742400787151    0.028919357787348183
90    0.03945012063523153    0.02723317612986708
91    0.0393470951825893    0.026924686531566003
92    0.03938261572871801    0.024337874037466407
93    0.03934192240550974    0.02339152505055483
94    0.039378083047271285    0.02133013305246908
95    0.03941672952338497    0.02121830009765224
96    0.03938494619097485    0.020220383264410335
97    0.03936589174542348    0.018783938278773196
98    0.039237938543628996    0.018513922159920992
99    0.03920916830794725    0.017872058961207797
100    0.03922952705660082    0.01770886210112756
