1    1.7606999202068019    1.4635840458592184
2    1.3006628756138232    1.4635840458592184
3    1.0582151798320432    1.4441922378853842
4    0.90056875091587    1.3676056190233838
5    0.8536866331662741    1.0737727718751982
6    0.7901852286135447    1.0737727718751982
7    0.708135772568363    0.8920795334904251
8    0.6397561919720184    0.8891489511660493
9    0.6177708916592247    0.8612301374640642
10    0.612229000846754    0.7957587161554991
11    0.5684216680209947    0.7787890069235784
12    0.5326242348620044    0.7752501764913915
13    0.5237427780852973    0.7617224241089473
14    0.4772096415219821    0.7151569893954033
15    0.44435328711262556    0.6754066150977204
16    0.4224761695024561    0.6566759833158019
17    0.41288881030770797    0.5568456815460722
18    0.393077526972962    0.5279580784157222
19    0.36979305861405776    0.5001644902922265
20    0.35274975918800966    0.48992814666939605
21    0.34120397577119665    0.4636272116456438
22    0.32121270714348266    0.44631271047183513
23    0.3079663158883389    0.4378503307311613
24    0.2900611965903244    0.41461952327559626
25    0.25463306766872373    0.36531341829037994
26    0.24911474721825674    0.3521484249276262
27    0.24536734018711723    0.34640720785535556
28    0.23129589580895116    0.33307460637902875
29    0.2111085241849789    0.3170176375563499
30    0.20553048034830992    0.3029837243899936
31    0.1967433116632451    0.2767228535566215
32    0.18909324276347486    0.26635002888389825
33    0.18207043483632745    0.2458394548457262
34    0.17389520687259108    0.23278685012466693
35    0.16804142483781928    0.22070264889361352
36    0.15637148582739893    0.21632349591926767
37    0.1483032893153693    0.20980477291409097
38    0.1348158513194272    0.20283565984224636
39    0.12993434456994576    0.19546338650254913
40    0.1271293697387378    0.19046618284009315
41    0.11850156758586808    0.17975232467429172
42    0.11783745005649975    0.17442467731947414
43    0.1160611521989446    0.1684658286180046
44    0.10098901893474653    0.16438291515433776
45    0.0866566377880947    0.1595847697856463
46    0.08197671563943282    0.15698450058943492
47    0.0779694669592241    0.151132553402983
48    0.07047273437408309    0.14278030906960734
49    0.06640088303760426    0.13487762393364863
50    0.056144218919570624    0.130982607370902
51    0.050794363656012045    0.12596177043840656
52    0.044457045265193715    0.1250984281441127
53    0.038929906644513304    0.11837126243921693
54    0.03630689593262536    0.10904095176386606
55    0.03305737696996143    0.10618501283286748
56    0.03297348771762377    0.09832297852767709
57    0.028672641944998918    0.08613937098732732
58    0.027283032348678578    0.0845708796628911
59    0.026121179413759972    0.07857481566844526
60    0.02533859342556119    0.07768801936875379
61    0.02565525410735731    0.06933952924650225
62    0.023652787179576282    0.06876260609113584
63    0.022281090350942435    0.06042121055807633
64    0.022014870394529953    0.059210121897189334
65    0.02094331516302868    0.05735927794364596
66    0.019804594113348364    0.05129019477508207
67    0.01942921270084709    0.05059145998449293
68    0.019312148336265055    0.04944401179378044
69    0.018322252005195314    0.04730423617500312
70    0.01761302032549927    0.04138286136313152
71    0.01683438183656399    0.040780292649333805
72    0.016520205267580544    0.03896332139401275
73    0.016461524173893856    0.03675463728121228
74    0.016124484971826003    0.03408863467455809
75    0.015562092766486877    0.03390609682567732
76    0.015246051437800126    0.033426172227572756
77    0.01457485841838173    0.0330198212025802
78    0.014681134033446355    0.0320334771892784
79    0.01382222017593014    0.03169166578797234
80    0.01327404391830099    0.031315243911915
81    0.013460055877084626    0.03071293801860974
82    0.01328006175180292    0.03056895643531723
83    0.012695837524376162    0.0295663085299868
84    0.012898885428864307    0.028141640289922536
85    0.012355884811515028    0.02785851487539091
86    0.012005464237831845    0.02688186837616162
87    0.011911584637095194    0.025926257231745468
88    0.011592364496945234    0.024161889210994367
89    0.011555032364436951    0.023784819347495857
90    0.011829086379009549    0.023411135504612348
91    0.011756586170366361    0.0233646125084756
92    0.011582072686740214    0.022920522512150487
93    0.011684467926199628    0.022617804056866028
94    0.011359965947508757    0.0224374515578516
95    0.011385266665547428    0.022264921405047534
96    0.011322930526557218    0.02216760311056849
97    0.011173548237018965    0.02186890343022713
98    0.011306149455047735    0.02063263150868765
99    0.011741169904355616    0.020559782053050975
100    0.011523023145028632    0.019261561299523302
