1    2.104007195265104    1.6781785184637428
2    1.999777067818603    1.6398299039286786
3    1.7157409079207107    1.4850518432597701
4    1.2352523224984522    1.4834787746150095
5    1.174582284686512    1.4706826277481788
6    1.109606680164424    1.4046214935191872
7    1.0935893213635188    1.3360592872825325
8    1.0168191505534205    1.2613621718900125
9    0.958346340555841    1.0830093145538608
10    0.8213180714668739    1.0600207501902887
11    0.699822321434145    1.0349825496692675
12    0.6941578708377897    0.9174058981652192
13    0.6667500552084924    0.8418570517521192
14    0.6153725542077597    0.806294941089333
15    0.6040411523660181    0.7615543731811475
16    0.5703501297771345    0.7058140182054582
17    0.5290092796847797    0.685962900850441
18    0.48850819216284624    0.662668440767593
19    0.48499662863995946    0.6149518749294623
20    0.4582833865153793    0.5560874849137152
21    0.40327739728827955    0.5192723226104301
22    0.3892708490903804    0.5154344018412659
23    0.34700285439598466    0.5049035794368414
24    0.34542321617196814    0.4645989410694529
25    0.31031781669651043    0.4332579573521541
26    0.2708041064766222    0.4166684864887119
27    0.2609542714715926    0.40480819517056077
28    0.24542731291268732    0.3887895282288708
29    0.2289924558057489    0.3825764106414881
30    0.2215029533103573    0.35770437050156095
31    0.20442973150357666    0.35708257481495004
32    0.1934507484862629    0.32008825872341046
33    0.19179861171404383    0.29123542826765814
34    0.18517158982614504    0.27923249890220364
35    0.16474956757680737    0.25447946346831885
36    0.15675547840518644    0.23554667243698996
37    0.1497771116717869    0.22741192429447518
38    0.13898847177192852    0.21821968014170667
39    0.1315151622390921    0.21088469601567492
40    0.12574129524719374    0.20697454721778172
41    0.11554978025548751    0.19718699253053668
42    0.11247066868230488    0.19321717822891063
43    0.10139195720631265    0.1878171900704867
44    0.09699286664404605    0.1839793420239721
45    0.09175072291003195    0.17826229117881356
46    0.08340663768557327    0.17208264337174167
47    0.0756538564015528    0.1658455360445537
48    0.07002415680851368    0.16170979226641377
49    0.06569176570670086    0.15413122370772933
50    0.06146838775103875    0.15160466922155913
51    0.056265820334170845    0.1483227967022928
52    0.05048737055721548    0.1371850884084903
53    0.04912029399062129    0.13399992855292975
54    0.04468364126069545    0.12840228957482164
55    0.04381983505476872    0.12429489090452871
56    0.0430859046933987    0.11779788282454785
57    0.039972122228803156    0.11287160057510558
58    0.03701118956511986    0.10376918536888735
59    0.033071844003125864    0.09978369054006818
60    0.03034582356684548    0.0917146218659634
61    0.02761336067809134    0.09136417097540632
62    0.02571886811465176    0.08762687923290513
63    0.024994693617136604    0.08143132496812905
64    0.02322229521138164    0.077144668740307
65    0.021988140861397654    0.07175126508490884
66    0.020855445535821013    0.07038074965432323
67    0.020977616590312633    0.0662268427325043
68    0.020434795267874107    0.06523024641494529
69    0.020059848878512955    0.06012213947076715
70    0.01956392753245282    0.05887734999448619
71    0.019243419521711817    0.05322405447881155
72    0.018082369565331748    0.05272498689807606
73    0.017004350610741185    0.05057955926165531
74    0.014835018046873198    0.04796836991368767
75    0.01448645813690471    0.04723597664397188
76    0.014221144364014376    0.04556888358383638
77    0.013799252560684637    0.0448640113581094
78    0.013690521327314447    0.04255181422447333
79    0.013716162998340053    0.04156110176180425
80    0.014424446497335102    0.04081023441733465
81    0.014240593750498102    0.04010091273005632
82    0.012874885627900555    0.039240745770130606
83    0.01258789810819437    0.03876825237305218
84    0.012776563845811422    0.0372194535227604
85    0.012532119627891466    0.03665431841910249
86    0.012126075298308336    0.03455762080373633
87    0.012343790461549138    0.031995290762114624
88    0.012351092035591477    0.031934356848296035
89    0.012310007338812677    0.030037866129763002
90    0.012176529023828308    0.029385830762321888
91    0.012401658946250798    0.02854147706872522
92    0.012243317540871304    0.02682220164598649
93    0.011854553622112816    0.02570987137141635
94    0.011939814318472531    0.02542804875359367
95    0.011981115252029382    0.025112899045668782
96    0.011860924836275235    0.024393456960567786
97    0.011626452280315001    0.02363552826842354
98    0.01137352717226727    0.023360952886466446
99    0.011397437534152496    0.022932460854988776
100    0.011464041041724325    0.022845364754377834
