1    2.136675154748752    1.7776065789399835
2    2.1073675643557217    1.7776065789399835
3    1.778484008757446    1.7221233420164093
4    1.6636334966055402    1.6076003665381886
5    1.47925974052375    1.4830760933589184
6    1.3433125475092489    1.4830760933589184
7    1.1023833381738153    1.4620360004358168
8    1.0933512243926293    1.2498839261010823
9    1.0031947424713377    0.9313073319481779
10    0.9993130993174768    0.9263448533966724
11    0.8939673838966061    0.8803142099085357
12    0.8423793142643212    0.8418894529562803
13    0.8131625716667842    0.816143810580855
14    0.7099111360282566    0.7819114410971126
15    0.6311841466120306    0.7633184356005778
16    0.593274345557748    0.7479583041840491
17    0.5576969367308814    0.6893601798949593
18    0.5276092079874403    0.6734202079119124
19    0.5102237590339569    0.6288554632778476
20    0.4915626038948844    0.6083819951047145
21    0.4365653994888583    0.587089225807262
22    0.3914240464439464    0.577506224436224
23    0.36513175962089384    0.5468715109989444
24    0.3529853888479153    0.48876903592519794
25    0.33525594477209897    0.4410858478121482
26    0.31535906513618245    0.4154504909162274
27    0.29326264694646553    0.4002869880329119
28    0.2745126960640548    0.3669263424084092
29    0.26105941895452484    0.3585199417978682
30    0.2543808687169945    0.3500683827804031
31    0.2439200506749342    0.3442654918319654
32    0.23569294876426514    0.3402464984900364
33    0.22470163608260216    0.313719465329229
34    0.2177938543120734    0.3051589434466874
35    0.21200149386516853    0.2767193819478362
36    0.20434650532090454    0.25693924852392536
37    0.19870788845936252    0.23395234798750691
38    0.185544903287881    0.23193220773912923
39    0.17851574029972958    0.228366561078839
40    0.17591174565116413    0.21717388249006056
41    0.17068101108831696    0.2073367260007859
42    0.1660757824248719    0.19887119810122952
43    0.16078832145339678    0.19598880328547347
44    0.15989578496828746    0.19295078941376667
45    0.1529378936787556    0.1879940301962193
46    0.14954359006820786    0.18065828941045625
47    0.14808658757114165    0.17163412871988024
48    0.14318953189546735    0.1684222301922822
49    0.1369590690578746    0.16384078396483914
50    0.13071075801196635    0.15299476347486918
51    0.12275535317949746    0.1487759566178527
52    0.11749395137972278    0.14352679463909682
53    0.11252984271271707    0.137715902766128
54    0.10676665652695398    0.13445271795018685
55    0.09695696040226474    0.1329391502075236
56    0.09395408927398105    0.13068649642020136
57    0.08721958258956963    0.12522642511699317
58    0.07902861099892035    0.12062284840306796
59    0.07457623291988762    0.11840116286709206
60    0.07193222516116342    0.10951194756704383
61    0.0668946130105537    0.10413067796555647
62    0.06488154241069989    0.0992148468534188
63    0.06275470020142733    0.09488719687940417
64    0.060443931355569955    0.09104278671292122
65    0.054278768629445716    0.08605750366841486
66    0.05351220204533003    0.08540066168653047
67    0.05073245085844898    0.0840926970712785
68    0.04681948004184384    0.08306240113206556
69    0.04236630302492554    0.0810965640702116
70    0.03887484866037221    0.07415290807603421
71    0.03605664488699604    0.07250868666356608
72    0.03229796993171258    0.07129246967560322
73    0.029902392353417673    0.06649283974615078
74    0.029169452485046366    0.06304161316796332
75    0.02788119003430566    0.059190399906596435
76    0.02601784773331176    0.058466898860043005
77    0.023552091640122463    0.05568569262095715
78    0.020509222855690252    0.05374703624073871
79    0.02009999649397149    0.053091294462843025
80    0.018474477369151216    0.04842593481949056
81    0.01767247077637983    0.04545752225503164
82    0.016498513418512654    0.044252101899390814
83    0.0157397078643873    0.04397560351756493
84    0.0154195739845459    0.04330581472553409
85    0.014976654838392571    0.03882261968514818
86    0.014273713351658564    0.03713033034077948
87    0.013934775897554773    0.03686786816748611
88    0.013630998696179307    0.03569078595775243
89    0.013640357489489392    0.03525301553633619
90    0.013107130613718565    0.030154728701617377
91    0.013572378082681295    0.030269163878762006
92    0.012969942783813448    0.029937570710076074
93    0.0131038121115785    0.02946449004512432
94    0.012600120613616596    0.02927678365634009
95    0.012232933500743481    0.02827687372414833
96    0.012343247349023683    0.02755047669163136
97    0.011939414099181585    0.02646342256793737
98    0.012021118630614686    0.026101000102546634
99    0.011926488796966322    0.025477911987608598
100    0.011662317865044023    0.025404946086535807
