1    2.2118985393722332    2.076422896669314
2    1.7782659149023103    2.027928964897647
3    1.6966076756962618    1.847733536420589
4    1.6100773961890535    1.847137199812352
5    1.5020616298612468    1.5000557925494888
6    1.3041823110868442    1.4977656781852606
7    1.2463007935262151    1.1304120776704958
8    1.2217464884140228    1.1009029470965046
9    1.1865932969084558    1.1009029470965046
10    1.135650183040827    1.1009029470965046
11    1.0556381708471523    0.9287861805871336
12    0.9773498062451027    0.9274434050228765
13    0.9658183170765936    0.8756676717927094
14    0.8539191814787865    0.8635890702749089
15    0.7745686395285286    0.6951753740593294
16    0.762262560802472    0.626314122968333
17    0.7045356765796557    0.5448380454761171
18    0.6157159350134084    0.5054621288942261
19    0.5347593834316371    0.46316484000309827
20    0.5202558960511392    0.44416166110307675
21    0.4721386451295102    0.40679140223324
22    0.46022001124239875    0.38025609610598826
23    0.44495585965490686    0.37284958750949676
24    0.42223430946169876    0.369864628693104
25    0.4035220949344744    0.3582754230254788
26    0.38562251713481094    0.3466635329259773
27    0.3607468263253075    0.306169553337232
28    0.3548381703822123    0.3058113941687692
29    0.3365539748689862    0.29297921535335114
30    0.33258318362480405    0.273377284509818
31    0.3224666877908434    0.2594075669213476
32    0.2972875522959503    0.25057156401010655
33    0.2798808689461668    0.24223048501688133
34    0.2734239885669259    0.23787269289025878
35    0.26418438859774407    0.23009038874050067
36    0.2574575901540981    0.21638701493915014
37    0.2486802868536487    0.2116522028800055
38    0.23577924072683495    0.20836474243185746
39    0.22352233673345676    0.2063369271430189
40    0.2100655456426848    0.20287617854181153
41    0.2043392892013214    0.18887406760798328
42    0.20072838244016633    0.17969703887241012
43    0.19985678898542916    0.17789048940625407
44    0.1848714976513099    0.17423071396617493
45    0.1793976658964859    0.16642354533768922
46    0.17611603279610924    0.15603070356689697
47    0.17338994789975176    0.15221503149110927
48    0.1629131290393121    0.14979416601656786
49    0.15673066429778948    0.1468383849082876
50    0.14668508969472493    0.14384798826592235
51    0.1336042030700609    0.13774216848070975
52    0.12282375382292485    0.13292070833030187
53    0.11767679893340809    0.12907832623457574
54    0.10502364655489202    0.12520022818933338
55    0.09834755137513337    0.12126434984651034
56    0.08994145007801521    0.1179020331514677
57    0.07376303664572852    0.11442950795240232
58    0.0653494248223688    0.10751049856750142
59    0.05609892452342433    0.0995423847753268
60    0.05423590505359351    0.09660367850820756
61    0.04717820716150816    0.09564995803690785
62    0.042064178638206474    0.09310690647316185
63    0.039119244208723855    0.09235295337025506
64    0.03343260510549946    0.0865934838484392
65    0.030313070321649583    0.08406359798436776
66    0.02864153589737257    0.07958006223542438
67    0.026903025963264854    0.07730769557086513
68    0.0262469089020258    0.07306785401548847
69    0.023370905379854208    0.07209144452383259
70    0.023185973156695298    0.07079673492966751
71    0.022538723966069246    0.07052594762600904
72    0.02129731026736938    0.06781903754182082
73    0.0191746581327456    0.06570419601713627
74    0.01911673971537712    0.06406095273012676
75    0.017895064602126868    0.06026188901453677
76    0.017765564758837497    0.058300341932016074
77    0.01698022418673395    0.05512058548312737
78    0.016368829283419567    0.04882281406657137
79    0.016311444259148808    0.04695647360292123
80    0.014222937846278998    0.044533602059129505
81    0.013958103863985334    0.04376345633287217
82    0.013520409391468865    0.04374659206430097
83    0.01307680412633885    0.041583172078914606
84    0.012798529262660297    0.04063158118310308
85    0.012829037296224918    0.03993035663923297
86    0.012984689274093311    0.03896071990551792
87    0.012558764056740631    0.03709286526152055
88    0.012480790517773434    0.03602017119721362
89    0.012143679755613238    0.033763485985660736
90    0.012015589242223413    0.032936055374885406
91    0.01187160667488602    0.03206700186245991
92    0.011677868748719686    0.03204593857449495
93    0.011605149613935923    0.03198860753964595
94    0.012161392129552943    0.03184442399726281
95    0.01248243841085932    0.03150966686759431
96    0.012382216552690123    0.03038248022165392
97    0.012036820168916372    0.028586988497680155
98    0.012146658220022017    0.02746091267965577
99    0.011870273812369386    0.026264740271536188
100    0.012025000078039222    0.025783804922361202
