1    2.059783259415886    1.9002203429184321
2    2.061982513764269    1.8907184264765233
3    1.836990967732967    1.8907184264765233
4    1.2797875400636938    1.4862418106375483
5    1.243949323499264    1.480839489076368
6    1.1775359467838311    1.480839489076368
7    0.9846511793428652    1.4502465667407933
8    0.9242160542193987    1.1777467897717722
9    0.7193883673147363    1.048185161631422
10    0.6077662314260668    1.047347114752904
11    0.5520166858079513    1.0326611045809888
12    0.524555512042386    0.9398028707606401
13    0.4763633707226261    0.874110093823488
14    0.4169080922856035    0.7202880300734261
15    0.39784548417707993    0.7078254373680035
16    0.38758878920250855    0.6662082390327076
17    0.377432983341328    0.6177357980942786
18    0.35902824775517467    0.5973706603147356
19    0.3422043414461262    0.5580908974612109
20    0.3196090306503405    0.5483690034978569
21    0.3098889595217328    0.5234336676139205
22    0.28390115608852867    0.46195809467780685
23    0.2770384306137274    0.4610833092711477
24    0.2667465277213101    0.42652827594057696
25    0.2572991855588223    0.4007948652145256
26    0.23097800577380104    0.39064360610270205
27    0.2123512529926557    0.3733375703978705
28    0.20019237631705142    0.3616046226759326
29    0.19456176225529526    0.3416864033812553
30    0.19067099111486063    0.3198866846467513
31    0.18600441616995758    0.2990169857465116
32    0.18238886127371326    0.28503661288024335
33    0.17753525900794614    0.2755443385997865
34    0.17378081803683354    0.24236786864094567
35    0.1687489759358405    0.23374956083213214
36    0.16199600136067704    0.22362065446247198
37    0.15594784289794936    0.2162772833898883
38    0.14325755003479904    0.21276688902304988
39    0.13596121397730668    0.20204939384927217
40    0.12949364769183533    0.1900238299143421
41    0.12410602479761622    0.18093507465573852
42    0.11992661806019016    0.17727280800631307
43    0.1118749269576555    0.1723221487653209
44    0.10555192376974065    0.17075436871307248
45    0.10019986178207949    0.16500678312774472
46    0.09282370484438066    0.15541047303899785
47    0.08813675087245375    0.15221549983637347
48    0.08397356836720615    0.14717910955530258
49    0.0819961570150472    0.14126043933286717
50    0.07320190309249909    0.13661559619885744
51    0.06336728914047195    0.13302347590833538
52    0.05554920130398247    0.12842779156273493
53    0.05368441140324251    0.12625269523723406
54    0.04951940861029595    0.12268544317059804
55    0.04713428777844425    0.12035664827556763
56    0.04570046075141587    0.11863015988609768
57    0.036972196829758455    0.11506734068040059
58    0.03511860206644473    0.11163568906657995
59    0.03298348293270908    0.10674742669943833
60    0.02832904251468227    0.1035861068476433
61    0.026416831502083373    0.09986105691619762
62    0.02517240099702575    0.09691344054664683
63    0.023711996557814825    0.09475735263732415
64    0.022648616542565874    0.09190108928211613
65    0.0223613668443187    0.08741561371938203
66    0.021696343899970636    0.07971087562184818
67    0.02152513156089759    0.0767229919094188
68    0.021719494647367135    0.07131835726601204
69    0.02079854372292284    0.06862648905038096
70    0.01986549127087079    0.06135962612172665
71    0.01951498211518976    0.05840435942631575
72    0.018722560634792003    0.0549557173642454
73    0.016830645938183    0.05330432492790515
74    0.016800062800994053    0.05109165799398867
75    0.0155995361276353    0.04755237377612628
76    0.015207581250119976    0.046142742470825095
77    0.01520357523126392    0.044723522611393826
78    0.014973978539091095    0.04345508022329241
79    0.014771864057868005    0.04068490108885395
80    0.014449520510101952    0.03783430489991462
81    0.014372060022003537    0.037276485907929216
82    0.014400370365937479    0.0360526428127424
83    0.013936709695800888    0.03591016188177911
84    0.01385610440254923    0.03548048605167754
85    0.013453858407811166    0.033667578653728374
86    0.013238945309837572    0.033587398694395164
87    0.013262640159973303    0.031197571296021652
88    0.012803008002966385    0.03071976506302501
89    0.013011412556623912    0.030428498689436034
90    0.012962088601795367    0.029588400170827447
91    0.012932071012015248    0.02835762841178392
92    0.012828515064477058    0.0279638097233199
93    0.012196073193363521    0.026804426967643794
94    0.012055360409841096    0.02647373269804928
95    0.011752766485142993    0.025746696357347942
96    0.011636129489875009    0.025546929942873744
97    0.011283066878506807    0.025248602291517996
98    0.011491031376661376    0.025160625816314956
99    0.011702538930980493    0.024969730988994833
100    0.011354766379459187    0.024675839807979796
